# JRE version: OpenJDK Runtime Environment (11.0.11+9) (build 11.0.11+9-b60-7590822)
# Java VM: OpenJDK 64-Bit Server VM (11.0.11+9-b60-7590822, mixed mode, tiered, compressed oops, g1 gc, windows-amd64)
Heap:
 garbage-first heap   total 262144K, used 179298K [0x0000000080000000, 0x0000000100000000)
  region size 1024K, 44 young (45056K), 8 survivors (8192K)
 Metaspace       used 142308K, capacity 147759K, committed 153548K, reserved 1181696K
  class space    used 17308K, capacity 19268K, committed 21196K, reserved 1048576K
GC Heap History (20 events):
Event: 7387.333 GC heap before
{Heap before GC invocations=170 (full 0):
 garbage-first heap   total 262144K, used 148622K [0x0000000080000000, 0x0000000100000000)
  region size 1024K, 21 young (21504K), 2 survivors (2048K)
 Metaspace       used 142078K, capacity 147615K, committed 153548K, reserved 1181696K
  class space    used 17300K, capacity 19255K, committed 21196K, reserved 1048576K
}
Event: 7387.342 GC heap after
{Heap after GC invocations=171 (full 0):
 garbage-first heap   total 262144K, used 130670K [0x0000000080000000, 0x0000000100000000)
  region size 1024K, 1 young (1024K), 1 survivors (1024K)
 Metaspace       used 142078K, capacity 147615K, committed 153548K, reserved 1181696K
  class space    used 17300K, capacity 19255K, committed 21196K, reserved 1048576K
}
Event: 7473.262 GC heap before
{Heap before GC invocations=172 (full 0):
 garbage-first heap   total 262144K, used 223854K [0x0000000080000000, 0x0000000100000000)
  region size 1024K, 79 young (80896K), 1 survivors (1024K)
 Metaspace       used 142106K, capacity 147682K, committed 153548K, reserved 1181696K
  class space    used 17300K, capacity 19255K, committed 21196K, reserved 1048576K
}
Event: 7473.271 GC heap after
{Heap after GC invocations=173 (full 0):
 garbage-first heap   total 262144K, used 136778K [0x0000000080000000, 0x0000000100000000)
  region size 1024K, 9 young (9216K), 9 survivors (9216K)
 Metaspace       used 142106K, capacity 147682K, committed 153548K, reserved 1181696K
  class space    used 17300K, capacity 19255K, committed 21196K, reserved 1048576K
}
Event: 7473.691 GC heap before
{Heap before GC invocations=173 (full 0):
 garbage-first heap   total 262144K, used 139850K [0x0000000080000000, 0x0000000100000000)
  region size 1024K, 12 young (12288K), 9 survivors (9216K)
 Metaspace       used 142110K, capacity 147682K, committed 153548K, reserved 1181696K
  class space    used 17300K, capacity 19255K, committed 21196K, reserved 1048576K
}
Event: 7473.700 GC heap after
{Heap after GC invocations=174 (full 0):
 garbage-first heap   total 262144K, used 135603K [0x0000000080000000, 0x0000000100000000)
  region size 1024K, 2 young (2048K), 2 survivors (2048K)
 Metaspace       used 142110K, capacity 147682K, committed 153548K, reserved 1181696K
  class space    used 17300K, capacity 19255K, committed 21196K, reserved 1048576K
}
Event: 7474.773 GC heap before
{Heap before GC invocations=174 (full 0):
 garbage-first heap   total 262144K, used 166323K [0x0000000080000000, 0x0000000100000000)
  region size 1024K, 34 young (34816K), 2 survivors (2048K)
 Metaspace       used 142124K, capacity 147700K, committed 153548K, reserved 1181696K
  class space    used 17302K, capacity 19258K, committed 21196K, reserved 1048576K
}
Event: 7474.781 GC heap after
{Heap after GC invocations=175 (full 0):
 garbage-first heap   total 262144K, used 138279K [0x0000000080000000, 0x0000000100000000)
  region size 1024K, 4 young (4096K), 4 survivors (4096K)
 Metaspace       used 142124K, capacity 147700K, committed 153548K, reserved 1181696K
  class space    used 17302K, capacity 19258K, committed 21196K, reserved 1048576K
}
Event: 7529.495 GC heap before
{Heap before GC invocations=176 (full 0):
 garbage-first heap   total 262144K, used 228391K [0x0000000080000000, 0x0000000100000000)
  region size 1024K, 78 young (79872K), 4 survivors (4096K)
 Metaspace       used 142252K, capacity 147747K, committed 153548K, reserved 1181696K
  class space    used 17306K, capacity 19265K, committed 21196K, reserved 1048576K
}
Event: 7529.505 GC heap after
{Heap after GC invocations=177 (full 0):
 garbage-first heap   total 262144K, used 140683K [0x0000000080000000, 0x0000000100000000)
  region size 1024K, 8 young (8192K), 8 survivors (8192K)
 Metaspace       used 142252K, capacity 147747K, committed 153548K, reserved 1181696K
  class space    used 17306K, capacity 19265K, committed 21196K, reserved 1048576K
}
Event: 7529.545 GC heap before
{Heap before GC invocations=177 (full 0):
 garbage-first heap   total 262144K, used 143755K [0x0000000080000000, 0x0000000100000000)
  region size 1024K, 12 young (12288K), 8 survivors (8192K)
 Metaspace       used 142252K, capacity 147747K, committed 153548K, reserved 1181696K
  class space    used 17306K, capacity 19265K, committed 21196K, reserved 1048576K
}
Event: 7529.557 GC heap after
{Heap after GC invocations=178 (full 0):
 garbage-first heap   total 262144K, used 122541K [0x0000000080000000, 0x0000000100000000)
  region size 1024K, 2 young (2048K), 2 survivors (2048K)
 Metaspace       used 142252K, capacity 147747K, committed 153548K, reserved 1181696K
  class space    used 17306K, capacity 19265K, committed 21196K, reserved 1048576K
}
Event: 7531.323 GC heap before
{Heap before GC invocations=178 (full 0):
 garbage-first heap   total 262144K, used 187053K [0x0000000080000000, 0x0000000100000000)
  region size 1024K, 67 young (68608K), 2 survivors (2048K)
 Metaspace       used 142255K, capacity 147747K, committed 153548K, reserved 1181696K
  class space    used 17306K, capacity 19265K, committed 21196K, reserved 1048576K
}
Event: 7531.332 GC heap after
{Heap after GC invocations=179 (full 0):
 garbage-first heap   total 262144K, used 127619K [0x0000000080000000, 0x0000000100000000)
  region size 1024K, 7 young (7168K), 7 survivors (7168K)
 Metaspace       used 142255K, capacity 147747K, committed 153548K, reserved 1181696K
  class space    used 17306K, capacity 19265K, committed 21196K, reserved 1048576K
}
Event: 8337.555 GC heap before
{Heap before GC invocations=180 (full 0):
 garbage-first heap   total 262144K, used 226947K [0x0000000080000000, 0x0000000100000000)
  region size 1024K, 89 young (91136K), 7 survivors (7168K)
 Metaspace       used 142288K, capacity 147750K, committed 153548K, reserved 1181696K
  class space    used 17306K, capacity 19265K, committed 21196K, reserved 1048576K
}
Event: 8337.565 GC heap after
{Heap after GC invocations=181 (full 0):
 garbage-first heap   total 262144K, used 129711K [0x0000000080000000, 0x0000000100000000)
  region size 1024K, 9 young (9216K), 9 survivors (9216K)
 Metaspace       used 142288K, capacity 147750K, committed 153548K, reserved 1181696K
  class space    used 17306K, capacity 19265K, committed 21196K, reserved 1048576K
}
Event: 8337.580 GC heap before
{Heap before GC invocations=181 (full 0):
 garbage-first heap   total 262144K, used 132783K [0x0000000080000000, 0x0000000100000000)
  region size 1024K, 12 young (12288K), 9 survivors (9216K)
 Metaspace       used 142288K, capacity 147750K, committed 153548K, reserved 1181696K
  class space    used 17306K, capacity 19265K, committed 21196K, reserved 1048576K
}
Event: 8337.594 GC heap after
{Heap after GC invocations=182 (full 0):
 garbage-first heap   total 262144K, used 122459K [0x0000000080000000, 0x0000000100000000)
  region size 1024K, 2 young (2048K), 2 survivors (2048K)
 Metaspace       used 142288K, capacity 147750K, committed 153548K, reserved 1181696K
  class space    used 17306K, capacity 19265K, committed 21196K, reserved 1048576K
}
Event: 8339.799 GC heap before
{Heap before GC invocations=182 (full 0):
 garbage-first heap   total 262144K, used 192091K [0x0000000080000000, 0x0000000100000000)
  region size 1024K, 72 young (73728K), 2 survivors (2048K)
 Metaspace       used 142303K, capacity 147759K, committed 153548K, reserved 1181696K
  class space    used 17308K, capacity 19268K, committed 21196K, reserved 1048576K
}
Event: 8339.811 GC heap after
{Heap after GC invocations=183 (full 0):
 garbage-first heap   total 262144K, used 128098K [0x0000000080000000, 0x0000000100000000)
  region size 1024K, 8 young (8192K), 8 survivors (8192K)
 Metaspace       used 142303K, capacity 147759K, committed 153548K, reserved 1181696K
  class space    used 17308K, capacity 19268K, committed 21196K, reserved 1048576K
}

